editor>> Spawning client 28 for 'client@lab24.cpt.haw-hamburg.de'
editor>> Dropped #16 lab24110 |15.04 15:35:24,096| The happiest of people dont necessarily have the best of everything they just make the most of everything that comes along their way 
editor>> Dropped #51 lab24110 |15.04 15:35:26,098| Life is 10% what happens to us and 90% how we react to it - Dennis P. Kimbro 
editor>> Dropped #133 lab24110 |15.04 15:35:28,099| Life is not lost by dying; life is lost minute by minute, day by dragging day, in all the thousand small uncaring ways - Stephen Vincent Ben't 
editor>> Dropped #202 lab24110 |15.04 15:35:30,100| People only see what they are prepared to see - Ralph Waldo Emerson 
editor>> Dropped #261 lab24110 |15.04 15:35:32,103| People only see what they are prepared to see - Ralph Waldo Emerson 
editor>> #364 at 15.04 15:35:32,103| Forgot to send
reader>> Terminated for #0
editor>> Dropped #394 lab24110 |15.04 15:35:34,151| Only by going too far can one possibly find out how far one can go - Jon dyer 
editor>> Dropped #481 lab24110 |15.04 15:35:36,152| Everyone has problems, some are just better at hiding them - Unknown 
editor>> Dropped #545 lab24110 |15.04 15:35:38,153| Always put yourself in the others shoes. If you feel that it hurts you, it probably hurts the person too 
editor>> Dropped #633 lab24110 |15.04 15:35:40,154| Sometimes your joy is the source of your smile, but sometimes your smile can be the source of your joy - Thich Nhat Hahn 
editor>> Dropped #731 lab24110 |15.04 15:35:42,155| He who loses money, loses much; He who loses a friend, loses more; He who loses faith, loses all 
editor>> #792 at 15.04 15:35:42,227| Forgot to send
reader>> Terminated for #0
editor>> Dropped #807 lab24110 |15.04 15:35:44,274| Only by going too far can one possibly find out how far one can go - Jon dyer 
editor>> Dropped #863 lab24110 |15.04 15:35:46,275| The happiest of people dont necessarily have the best of everything they just make the most of everything that comes along their way 
editor>> Dropped #915 lab24110 |15.04 15:35:48,276| Only by going too far can one possibly find out how far one can go - Jon dyer 
editor>> Dropped #986 lab24110 |15.04 15:35:50,277| To handle yourself, use your head, To handle others, use your heart 
editor>> Dropped #1038 lab24110 |15.04 15:35:52,278| The tongue weighs practically nothing, but so few people can hold it 
