editor>> Spawning client 7 for 'client@lab24.cpt.haw-hamburg.de'
editor>> Dropped #29 lab24110 |15.04 15:35:24,096| People are just about as happy as they make up their minds to be - Abraham Lincoln 
editor>> Dropped #61 lab24110 |15.04 15:35:26,098| Life is 10% what happens to us and 90% how we react to it - Dennis P. Kimbro 
editor>> Dropped #123 lab24110 |15.04 15:35:28,099| God Gives every bird its food, But he does not throw it into its nest 
editor>> Dropped #212 lab24110 |15.04 15:35:30,100| He who loses money, loses much; He who loses a friend, loses more; He who loses faith, loses all 
editor>> Dropped #258 lab24110 |15.04 15:35:32,103| Its true that we dont know what weve got until we lose it, but its also true that we dont know what weve been missing until it arrives 
editor>> #367 at 15.04 15:35:32,103| Forgot to send
reader>> Terminated for #0
editor>> Dropped #395 lab24110 |15.04 15:35:34,154| Life is not lost by dying; life is lost minute by minute, day by dragging day, in all the thousand small uncaring ways - Stephen Vincent Ben't 
editor>> Dropped #482 lab24110 |15.04 15:35:36,155| Life is 10% what happens to us and 90% how we react to it - Dennis P. Kimbro 
editor>> Dropped #546 lab24110 |15.04 15:35:38,156| People only see what they are prepared to see - Ralph Waldo Emerson 
editor>> Dropped #634 lab24110 |15.04 15:35:40,157| People are just about as happy as they make up their minds to be - Abraham Lincoln 
editor>> Dropped #732 lab24110 |15.04 15:35:42,158| Always put yourself in the others shoes. If you feel that it hurts you, it probably hurts the person too 
editor>> #793 at 15.04 15:35:42,227| Forgot to send
reader>> Terminated for #0
editor>> Dropped #808 lab24110 |15.04 15:35:44,285| To handle yourself, use your head, To handle others, use your heart 
editor>> Dropped #864 lab24110 |15.04 15:35:46,286| Learn from the mistakes of others. You cant live long enough to make them all yourself - Chanakya 
editor>> Dropped #916 lab24110 |15.04 15:35:48,287| God Gives every bird its food, But he does not throw it into its nest 
editor>> Dropped #987 lab24110 |15.04 15:35:50,288| The tongue weighs practically nothing, but so few people can hold it 
editor>> Dropped #1039 lab24110 |15.04 15:35:52,289| Only by going too far can one possibly find out how far one can go - Jon dyer 
