editor>> Spawning client 21 for 'client@lab24.cpt.haw-hamburg.de'
editor>> Dropped #20 lab24110 |15.04 15:35:24,096| Life is not lost by dying; life is lost minute by minute, day by dragging day, in all the thousand small uncaring ways - Stephen Vincent Ben't 
editor>> Dropped #58 lab24110 |15.04 15:35:26,098| He who loses money, loses much; He who loses a friend, loses more; He who loses faith, loses all 
editor>> Dropped #126 lab24110 |15.04 15:35:28,099| If someone betrays you once, its his fault. If he betrays you twice, its your fault 
editor>> Dropped #208 lab24110 |15.04 15:35:30,100| Everyone has problems, some are just better at hiding them - Unknown 
editor>> Dropped #273 lab24110 |15.04 15:35:32,101| The tongue weighs practically nothing, but so few people can hold it 
editor>> #341 at 15.04 15:35:32,102| Forgot to send
reader>> Terminated for #0
editor>> Dropped #373 lab24110 |15.04 15:35:34,107| Always put yourself in the others shoes. If you feel that it hurts you, it probably hurts the person too 
editor>> Dropped #469 lab24110 |15.04 15:35:36,108| The tongue weighs practically nothing, but so few people can hold it 
editor>> Dropped #534 lab24110 |15.04 15:35:38,109| Always put yourself in the others shoes. If you feel that it hurts you, it probably hurts the person too 
editor>> Dropped #613 lab24110 |15.04 15:35:40,110| Learn from the mistakes of others. You cant live long enough to make them all yourself - Chanakya 
editor>> Dropped #719 lab24110 |15.04 15:35:42,111| Life is 10% what happens to us and 90% how we react to it - Dennis P. Kimbro 
editor>> #778 at 15.04 15:35:42,127| Forgot to send
reader>> Terminated for #0
editor>> Dropped #790 lab24110 |15.04 15:35:44,148| Always put yourself in the others shoes. If you feel that it hurts you, it probably hurts the person too 
editor>> Dropped #860 lab24110 |15.04 15:35:46,149| Don't be afraid to fail because only through failure do you learn to succeed 
editor>> Dropped #912 lab24110 |15.04 15:35:48,150| If someone betrays you once, its his fault. If he betrays you twice, its your fault 
editor>> Dropped #973 lab24110 |15.04 15:35:50,151| Many people will walk in and out or your life, But only true friends will leave footprints in your heart 
editor>> Dropped #1035 lab24110 |15.04 15:35:52,152| Sometimes your joy is the source of your smile, but sometimes your smile can be the source of your joy - Thich Nhat Hahn 
editor>> #1089 at 15.04 15:35:52,152| Forgot to send
