editor>> Spawning client 11 for 'client@lab24.cpt.haw-hamburg.de'
editor>> Dropped #12 lab24110 |15.04 15:35:24,096| God Gives every bird its food, But he does not throw it into its nest 
editor>> Dropped #59 lab24110 |15.04 15:35:26,098| The happiest of people dont necessarily have the best of everything they just make the most of everything that comes along their way 
editor>> Dropped #125 lab24110 |15.04 15:35:28,099| Its true that we dont know what weve got until we lose it, but its also true that we dont know what weve been missing until it arrives 
editor>> Dropped #209 lab24110 |15.04 15:35:30,100| To handle yourself, use your head, To handle others, use your heart 
editor>> Dropped #264 lab24110 |15.04 15:35:32,103| Many people will walk in and out or your life, But only true friends will leave footprints in your heart 
editor>> #361 at 15.04 15:35:32,103| Forgot to send
reader>> Terminated for #0
editor>> Dropped #393 lab24110 |15.04 15:35:34,147| God Gives every bird its food, But he does not throw it into its nest 
editor>> Dropped #480 lab24110 |15.04 15:35:36,148| It takes only a minute to get a crush on someone, an hour to like someone, and a day to love someone; but it takes a lifetime to forget someone 
editor>> Dropped #544 lab24110 |15.04 15:35:38,149| People only see what they are prepared to see - Ralph Waldo Emerson 
editor>> Dropped #632 lab24110 |15.04 15:35:40,150| To handle yourself, use your head, To handle others, use your heart 
editor>> Dropped #730 lab24110 |15.04 15:35:42,151| It takes only a minute to get a crush on someone, an hour to like someone, and a day to love someone; but it takes a lifetime to forget someone 
editor>> #791 at 15.04 15:35:42,227| Forgot to send
reader>> Terminated for #0
editor>> Dropped #806 lab24110 |15.04 15:35:44,264| Life is 10% what happens to us and 90% how we react to it - Dennis P. Kimbro 
editor>> Dropped #862 lab24110 |15.04 15:35:46,265| It takes only a minute to get a crush on someone, an hour to like someone, and a day to love someone; but it takes a lifetime to forget someone 
editor>> Dropped #914 lab24110 |15.04 15:35:48,266| Sometimes your joy is the source of your smile, but sometimes your smile can be the source of your joy - Thich Nhat Hahn 
editor>> Dropped #985 lab24110 |15.04 15:35:50,267| People are just about as happy as they make up their minds to be - Abraham Lincoln 
editor>> Dropped #1037 lab24110 |15.04 15:35:52,268| Its true that we dont know what weve got until we lose it, but its also true that we dont know what weve been missing until it arrives 
